{"contracts/ILottery.sol":{"l":{},"path":"/Users/veronicac/Desktop/projects/freelance/lottery-contract/contracts/ILottery.sol","s":{},"b":{},"f":{},"fnMap":{},"statementMap":{},"branchMap":{}},"contracts/ILotteryNFT.sol":{"l":{},"path":"/Users/veronicac/Desktop/projects/freelance/lottery-contract/contracts/ILotteryNFT.sol","s":{},"b":{},"f":{},"fnMap":{},"statementMap":{},"branchMap":{}},"contracts/Lottery.sol":{"l":{"109":12,"113":12,"134":129,"139":129,"144":129,"148":129,"153":129,"154":129,"155":129,"157":129,"158":129,"159":129,"160":129,"161":129,"172":43,"177":43,"178":43,"193":101,"194":101,"209":47,"210":47,"211":47,"218":3,"224":58,"235":2,"239":1,"243":2,"247":1,"260":5,"265":3,"270":1,"271":1,"272":1,"273":1,"274":1,"285":15,"290":14,"295":13,"297":13,"299":13,"310":12,"314":12,"315":12,"316":12,"350":34,"354":33,"355":33,"356":132,"361":33,"365":32,"369":30,"376":27,"377":27,"378":27,"380":27,"391":27,"394":27,"408":1,"425":26,"429":26,"434":25,"436":25,"441":24,"447":24,"453":23,"461":23,"474":12,"479":11,"483":10,"488":9,"493":6,"498":6,"503":6,"505":6,"513":1,"518":1,"523":1,"525":1,"527":51,"532":51,"535":0,"538":51,"543":51,"548":51,"553":51,"554":51,"557":1,"573":47,"575":47,"576":20,"582":1,"585":26,"598":57,"600":228,"602":21,"620":57,"622":57,"623":43,"626":14,"628":14,"630":14,"641":12,"643":12,"645":48,"647":48,"649":48,"651":12},"path":"/Users/veronicac/Desktop/projects/freelance/lottery-contract/contracts/Lottery.sol","s":{"1":12,"2":129,"3":129,"4":129,"5":129,"6":129,"7":129,"8":129,"9":129,"10":129,"11":129,"12":129,"13":129,"14":43,"15":43,"16":43,"17":101,"18":101,"19":47,"20":47,"21":47,"22":3,"23":58,"24":2,"25":1,"26":2,"27":1,"28":5,"29":3,"30":1,"31":1,"32":1,"33":1,"34":1,"35":15,"36":14,"37":13,"38":13,"39":13,"40":12,"41":12,"42":12,"43":12,"44":34,"45":33,"46":33,"47":132,"48":33,"49":32,"50":30,"51":27,"52":27,"53":27,"54":27,"55":27,"56":27,"57":1,"58":26,"59":26,"60":25,"61":25,"62":24,"63":24,"64":23,"65":23,"66":12,"67":11,"68":10,"69":9,"70":6,"71":6,"72":6,"73":6,"74":1,"75":1,"76":1,"77":1,"78":51,"79":51,"80":51,"81":51,"82":51,"83":51,"84":51,"85":1,"86":47,"87":47,"88":20,"89":27,"90":1,"91":26,"92":57,"93":228,"94":21,"95":57,"96":57,"97":43,"98":14,"99":14,"100":14,"101":12,"102":12,"103":48,"104":48,"105":48,"106":12},"b":{"1":[12,0],"2":[129,0],"3":[129,0],"4":[129,0],"5":[129,0],"6":[43,0],"7":[1,1],"8":[1,1],"9":[3,2],"10":[1,2],"11":[14,1],"12":[13,1],"13":[12,0],"14":[12,0],"15":[33,1],"16":[32,1],"17":[30,2],"18":[27,3],"19":[26,0],"20":[25,1],"21":[24,1],"22":[11,1],"23":[10,1],"24":[9,1],"25":[6,3],"26":[1,0],"27":[1,0],"28":[51,0],"29":[0,51],"30":[51,0],"31":[20,27],"32":[1,26],"33":[21,207],"34":[43,14]},"f":{"1":12,"2":129,"3":43,"4":101,"5":47,"6":3,"7":58,"8":2,"9":2,"10":5,"11":15,"12":12,"13":34,"14":1,"15":26,"16":12,"17":1,"18":47,"19":57,"20":57,"21":12},"fnMap":{"1":{"name":"onlyRandomGenerator","line":108,"loc":{"start":{"line":108,"column":4},"end":{"line":114,"column":4}}},"2":{"name":"constructor","line":131,"loc":{"start":{"line":120,"column":4},"end":{"line":162,"column":4}}},"3":{"name":"initialize","line":170,"loc":{"start":{"line":164,"column":4},"end":{"line":179,"column":4}}},"4":{"name":"costToBuyTickets","line":185,"loc":{"start":{"line":185,"column":4},"end":{"line":195,"column":4}}},"5":{"name":"costToBuyTicketsWithDiscount","line":197,"loc":{"start":{"line":197,"column":4},"end":{"line":212,"column":4}}},"6":{"name":"getBasicLottoInfo","line":214,"loc":{"start":{"line":214,"column":4},"end":{"line":221,"column":4}}},"7":{"name":"getMaxRange","line":223,"loc":{"start":{"line":223,"column":4},"end":{"line":225,"column":4}}},"8":{"name":"updateSizeOfLottery","line":234,"loc":{"start":{"line":234,"column":4},"end":{"line":240,"column":4}}},"9":{"name":"updateMaxRange","line":242,"loc":{"start":{"line":242,"column":4},"end":{"line":248,"column":4}}},"10":{"name":"updateBuckets","line":258,"loc":{"start":{"line":250,"column":4},"end":{"line":275,"column":4}}},"11":{"name":"drawWinningNumbers","line":282,"loc":{"start":{"line":277,"column":4},"end":{"line":300,"column":4}}},"12":{"name":"numbersDrawn","line":308,"loc":{"start":{"line":302,"column":4},"end":{"line":318,"column":4}}},"13":{"name":"createNewLotto","line":347,"loc":{"start":{"line":338,"column":4},"end":{"line":405,"column":4}}},"14":{"name":"withdrawCake","line":407,"loc":{"start":{"line":407,"column":4},"end":{"line":412,"column":4}}},"15":{"name":"batchBuyLottoTicket","line":417,"loc":{"start":{"line":417,"column":4},"end":{"line":469,"column":4}}},"16":{"name":"claimReward","line":472,"loc":{"start":{"line":472,"column":4},"end":{"line":506,"column":4}}},"17":{"name":"batchClaimRewards","line":508,"loc":{"start":{"line":508,"column":4},"end":{"line":558,"column":4}}},"18":{"name":"_discount","line":564,"loc":{"start":{"line":564,"column":4},"end":{"line":587,"column":4}}},"19":{"name":"_getNumberOfMatching","line":589,"loc":{"start":{"line":589,"column":4},"end":{"line":605,"column":4}}},"20":{"name":"_prizeForMatching","line":612,"loc":{"start":{"line":612,"column":4},"end":{"line":631,"column":4}}},"21":{"name":"_split","line":633,"loc":{"start":{"line":633,"column":4},"end":{"line":652,"column":4}}}},"statementMap":{"1":{"start":{"line":109,"column":8},"end":{"line":109,"column":4090}},"2":{"start":{"line":134,"column":8},"end":{"line":134,"column":4779}},"3":{"start":{"line":139,"column":8},"end":{"line":139,"column":4924}},"4":{"start":{"line":144,"column":8},"end":{"line":144,"column":5112}},"5":{"start":{"line":148,"column":8},"end":{"line":148,"column":5217}},"6":{"start":{"line":153,"column":8},"end":{"line":153,"column":28}},"7":{"start":{"line":154,"column":8},"end":{"line":154,"column":45}},"8":{"start":{"line":155,"column":8},"end":{"line":155,"column":44}},"9":{"start":{"line":157,"column":8},"end":{"line":157,"column":42}},"10":{"start":{"line":158,"column":8},"end":{"line":158,"column":42}},"11":{"start":{"line":159,"column":8},"end":{"line":159,"column":52}},"12":{"start":{"line":160,"column":8},"end":{"line":160,"column":52}},"13":{"start":{"line":161,"column":8},"end":{"line":161,"column":56}},"14":{"start":{"line":172,"column":8},"end":{"line":172,"column":5932}},"15":{"start":{"line":177,"column":8},"end":{"line":177,"column":38}},"16":{"start":{"line":178,"column":8},"end":{"line":178,"column":71}},"17":{"start":{"line":193,"column":8},"end":{"line":193,"column":66}},"18":{"start":{"line":194,"column":8},"end":{"line":194,"column":49}},"19":{"start":{"line":209,"column":8},"end":{"line":209,"column":57}},"20":{"start":{"line":210,"column":8},"end":{"line":210,"column":65}},"21":{"start":{"line":211,"column":8},"end":{"line":211,"column":44}},"22":{"start":{"line":218,"column":8},"end":{"line":218,"column":7266}},"23":{"start":{"line":224,"column":8},"end":{"line":224,"column":29}},"24":{"start":{"line":235,"column":8},"end":{"line":235,"column":7830}},"25":{"start":{"line":239,"column":8},"end":{"line":239,"column":32}},"26":{"start":{"line":243,"column":8},"end":{"line":243,"column":8053}},"27":{"start":{"line":247,"column":8},"end":{"line":247,"column":36}},"28":{"start":{"line":260,"column":8},"end":{"line":260,"column":8460}},"29":{"start":{"line":265,"column":8},"end":{"line":265,"column":8593}},"30":{"start":{"line":270,"column":8},"end":{"line":270,"column":36}},"31":{"start":{"line":271,"column":8},"end":{"line":271,"column":36}},"32":{"start":{"line":272,"column":8},"end":{"line":272,"column":52}},"33":{"start":{"line":273,"column":8},"end":{"line":273,"column":52}},"34":{"start":{"line":274,"column":8},"end":{"line":274,"column":56}},"35":{"start":{"line":285,"column":8},"end":{"line":285,"column":9232}},"36":{"start":{"line":290,"column":8},"end":{"line":290,"column":9454}},"37":{"start":{"line":295,"column":8},"end":{"line":295,"column":62}},"38":{"start":{"line":297,"column":8},"end":{"line":297,"column":71}},"39":{"start":{"line":299,"column":8},"end":{"line":299,"column":51}},"40":{"start":{"line":310,"column":8},"end":{"line":310,"column":10112}},"41":{"start":{"line":314,"column":8},"end":{"line":314,"column":10243}},"42":{"start":{"line":315,"column":12},"end":{"line":315,"column":69}},"43":{"start":{"line":316,"column":12},"end":{"line":316,"column":75}},"44":{"start":{"line":350,"column":8},"end":{"line":350,"column":11923}},"45":{"start":{"line":354,"column":8},"end":{"line":354,"column":42}},"46":{"start":{"line":355,"column":8},"end":{"line":355,"column":12087}},"47":{"start":{"line":356,"column":12},"end":{"line":356,"column":12161}},"48":{"start":{"line":361,"column":8},"end":{"line":361,"column":12348}},"49":{"start":{"line":365,"column":8},"end":{"line":365,"column":12464}},"50":{"start":{"line":369,"column":8},"end":{"line":369,"column":12590}},"51":{"start":{"line":376,"column":8},"end":{"line":376,"column":36}},"52":{"start":{"line":377,"column":8},"end":{"line":377,"column":46}},"53":{"start":{"line":378,"column":8},"end":{"line":378,"column":69}},"54":{"start":{"line":380,"column":8},"end":{"line":380,"column":13032}},"55":{"start":{"line":391,"column":8},"end":{"line":391,"column":44}},"56":{"start":{"line":394,"column":8},"end":{"line":394,"column":13463}},"57":{"start":{"line":408,"column":8},"end":{"line":408,"column":13820}},"58":{"start":{"line":425,"column":8},"end":{"line":425,"column":14275}},"59":{"start":{"line":429,"column":8},"end":{"line":429,"column":14422}},"60":{"start":{"line":434,"column":8},"end":{"line":434,"column":66}},"61":{"start":{"line":436,"column":8},"end":{"line":436,"column":14774}},"62":{"start":{"line":441,"column":8},"end":{"line":441,"column":15033}},"63":{"start":{"line":447,"column":8},"end":{"line":447,"column":15209}},"64":{"start":{"line":453,"column":8},"end":{"line":453,"column":15377}},"65":{"start":{"line":461,"column":8},"end":{"line":461,"column":15634}},"66":{"start":{"line":474,"column":8},"end":{"line":474,"column":15979}},"67":{"start":{"line":479,"column":8},"end":{"line":479,"column":16177}},"68":{"start":{"line":483,"column":8},"end":{"line":483,"column":16323}},"69":{"start":{"line":488,"column":8},"end":{"line":488,"column":16523}},"70":{"start":{"line":493,"column":8},"end":{"line":493,"column":16695}},"71":{"start":{"line":498,"column":8},"end":{"line":498,"column":16921}},"72":{"start":{"line":503,"column":8},"end":{"line":503,"column":109}},"73":{"start":{"line":505,"column":8},"end":{"line":505,"column":59}},"74":{"start":{"line":513,"column":8},"end":{"line":513,"column":17489}},"75":{"start":{"line":518,"column":8},"end":{"line":518,"column":17687}},"76":{"start":{"line":523,"column":8},"end":{"line":523,"column":30}},"77":{"start":{"line":525,"column":8},"end":{"line":525,"column":17957}},"78":{"start":{"line":527,"column":12},"end":{"line":527,"column":18090}},"79":{"start":{"line":532,"column":12},"end":{"line":532,"column":18296}},"80":{"start":{"line":538,"column":12},"end":{"line":538,"column":18494}},"81":{"start":{"line":543,"column":12},"end":{"line":543,"column":18689}},"82":{"start":{"line":548,"column":12},"end":{"line":548,"column":18938}},"83":{"start":{"line":553,"column":12},"end":{"line":553,"column":113}},"84":{"start":{"line":554,"column":12},"end":{"line":554,"column":51}},"85":{"start":{"line":557,"column":8},"end":{"line":557,"column":58}},"86":{"start":{"line":573,"column":8},"end":{"line":573,"column":73}},"87":{"start":{"line":575,"column":8},"end":{"line":575,"column":19955}},"88":{"start":{"line":576,"column":12},"end":{"line":576,"column":68}},"89":{"start":{"line":577,"column":15},"end":{"line":577,"column":20080}},"90":{"start":{"line":582,"column":12},"end":{"line":582,"column":68}},"91":{"start":{"line":585,"column":12},"end":{"line":585,"column":70}},"92":{"start":{"line":598,"column":8},"end":{"line":598,"column":20766}},"93":{"start":{"line":600,"column":12},"end":{"line":600,"column":20898}},"94":{"start":{"line":602,"column":16},"end":{"line":602,"column":32}},"95":{"start":{"line":620,"column":8},"end":{"line":620,"column":25}},"96":{"start":{"line":622,"column":8},"end":{"line":622,"column":21558}},"97":{"start":{"line":623,"column":12},"end":{"line":623,"column":20}},"98":{"start":{"line":626,"column":8},"end":{"line":626,"column":88}},"99":{"start":{"line":628,"column":8},"end":{"line":628,"column":71}},"100":{"start":{"line":630,"column":8},"end":{"line":630,"column":29}},"101":{"start":{"line":641,"column":8},"end":{"line":641,"column":69}},"102":{"start":{"line":643,"column":8},"end":{"line":643,"column":22339}},"103":{"start":{"line":645,"column":12},"end":{"line":645,"column":80}},"104":{"start":{"line":647,"column":12},"end":{"line":647,"column":64}},"105":{"start":{"line":649,"column":12},"end":{"line":649,"column":79}},"106":{"start":{"line":651,"column":4},"end":{"line":651,"column":25}}},"branchMap":{"1":{"line":109,"type":"if","locations":[{"start":{"line":109,"column":8},"end":{"line":109,"column":8}},{"start":{"line":109,"column":8},"end":{"line":109,"column":8}}]},"2":{"line":134,"type":"if","locations":[{"start":{"line":134,"column":8},"end":{"line":134,"column":8}},{"start":{"line":134,"column":8},"end":{"line":134,"column":8}}]},"3":{"line":139,"type":"if","locations":[{"start":{"line":139,"column":8},"end":{"line":139,"column":8}},{"start":{"line":139,"column":8},"end":{"line":139,"column":8}}]},"4":{"line":144,"type":"if","locations":[{"start":{"line":144,"column":8},"end":{"line":144,"column":8}},{"start":{"line":144,"column":8},"end":{"line":144,"column":8}}]},"5":{"line":148,"type":"if","locations":[{"start":{"line":148,"column":8},"end":{"line":148,"column":8}},{"start":{"line":148,"column":8},"end":{"line":148,"column":8}}]},"6":{"line":172,"type":"if","locations":[{"start":{"line":172,"column":8},"end":{"line":172,"column":8}},{"start":{"line":172,"column":8},"end":{"line":172,"column":8}}]},"7":{"line":235,"type":"if","locations":[{"start":{"line":235,"column":8},"end":{"line":235,"column":8}},{"start":{"line":235,"column":8},"end":{"line":235,"column":8}}]},"8":{"line":243,"type":"if","locations":[{"start":{"line":243,"column":8},"end":{"line":243,"column":8}},{"start":{"line":243,"column":8},"end":{"line":243,"column":8}}]},"9":{"line":260,"type":"if","locations":[{"start":{"line":260,"column":8},"end":{"line":260,"column":8}},{"start":{"line":260,"column":8},"end":{"line":260,"column":8}}]},"10":{"line":265,"type":"if","locations":[{"start":{"line":265,"column":8},"end":{"line":265,"column":8}},{"start":{"line":265,"column":8},"end":{"line":265,"column":8}}]},"11":{"line":285,"type":"if","locations":[{"start":{"line":285,"column":8},"end":{"line":285,"column":8}},{"start":{"line":285,"column":8},"end":{"line":285,"column":8}}]},"12":{"line":290,"type":"if","locations":[{"start":{"line":290,"column":8},"end":{"line":290,"column":8}},{"start":{"line":290,"column":8},"end":{"line":290,"column":8}}]},"13":{"line":310,"type":"if","locations":[{"start":{"line":310,"column":8},"end":{"line":310,"column":8}},{"start":{"line":310,"column":8},"end":{"line":310,"column":8}}]},"14":{"line":314,"type":"if","locations":[{"start":{"line":314,"column":8},"end":{"line":314,"column":8}},{"start":{"line":314,"column":8},"end":{"line":314,"column":8}}]},"15":{"line":350,"type":"if","locations":[{"start":{"line":350,"column":8},"end":{"line":350,"column":8}},{"start":{"line":350,"column":8},"end":{"line":350,"column":8}}]},"16":{"line":361,"type":"if","locations":[{"start":{"line":361,"column":8},"end":{"line":361,"column":8}},{"start":{"line":361,"column":8},"end":{"line":361,"column":8}}]},"17":{"line":365,"type":"if","locations":[{"start":{"line":365,"column":8},"end":{"line":365,"column":8}},{"start":{"line":365,"column":8},"end":{"line":365,"column":8}}]},"18":{"line":369,"type":"if","locations":[{"start":{"line":369,"column":8},"end":{"line":369,"column":8}},{"start":{"line":369,"column":8},"end":{"line":369,"column":8}}]},"19":{"line":425,"type":"if","locations":[{"start":{"line":425,"column":8},"end":{"line":425,"column":8}},{"start":{"line":425,"column":8},"end":{"line":425,"column":8}}]},"20":{"line":429,"type":"if","locations":[{"start":{"line":429,"column":8},"end":{"line":429,"column":8}},{"start":{"line":429,"column":8},"end":{"line":429,"column":8}}]},"21":{"line":436,"type":"if","locations":[{"start":{"line":436,"column":8},"end":{"line":436,"column":8}},{"start":{"line":436,"column":8},"end":{"line":436,"column":8}}]},"22":{"line":474,"type":"if","locations":[{"start":{"line":474,"column":8},"end":{"line":474,"column":8}},{"start":{"line":474,"column":8},"end":{"line":474,"column":8}}]},"23":{"line":479,"type":"if","locations":[{"start":{"line":479,"column":8},"end":{"line":479,"column":8}},{"start":{"line":479,"column":8},"end":{"line":479,"column":8}}]},"24":{"line":483,"type":"if","locations":[{"start":{"line":483,"column":8},"end":{"line":483,"column":8}},{"start":{"line":483,"column":8},"end":{"line":483,"column":8}}]},"25":{"line":488,"type":"if","locations":[{"start":{"line":488,"column":8},"end":{"line":488,"column":8}},{"start":{"line":488,"column":8},"end":{"line":488,"column":8}}]},"26":{"line":513,"type":"if","locations":[{"start":{"line":513,"column":8},"end":{"line":513,"column":8}},{"start":{"line":513,"column":8},"end":{"line":513,"column":8}}]},"27":{"line":518,"type":"if","locations":[{"start":{"line":518,"column":8},"end":{"line":518,"column":8}},{"start":{"line":518,"column":8},"end":{"line":518,"column":8}}]},"28":{"line":527,"type":"if","locations":[{"start":{"line":527,"column":12},"end":{"line":527,"column":12}},{"start":{"line":527,"column":12},"end":{"line":527,"column":12}}]},"29":{"line":532,"type":"if","locations":[{"start":{"line":532,"column":12},"end":{"line":532,"column":12}},{"start":{"line":532,"column":12},"end":{"line":532,"column":12}}]},"30":{"line":538,"type":"if","locations":[{"start":{"line":538,"column":12},"end":{"line":538,"column":12}},{"start":{"line":538,"column":12},"end":{"line":538,"column":12}}]},"31":{"line":575,"type":"if","locations":[{"start":{"line":575,"column":8},"end":{"line":575,"column":8}},{"start":{"line":575,"column":8},"end":{"line":575,"column":8}}]},"32":{"line":577,"type":"if","locations":[{"start":{"line":577,"column":15},"end":{"line":577,"column":15}},{"start":{"line":577,"column":15},"end":{"line":577,"column":15}}]},"33":{"line":600,"type":"if","locations":[{"start":{"line":600,"column":12},"end":{"line":600,"column":12}},{"start":{"line":600,"column":12},"end":{"line":600,"column":12}}]},"34":{"line":622,"type":"if","locations":[{"start":{"line":622,"column":8},"end":{"line":622,"column":8}},{"start":{"line":622,"column":8},"end":{"line":622,"column":8}}]}}},"contracts/LotteryNFT.sol":{"l":{"52":83,"56":83,"81":129,"99":57,"113":61,"123":51,"127":12,"152":23,"154":23,"155":23,"157":669,"158":669,"159":669,"161":669,"162":669,"164":669,"166":669,"172":669,"175":23,"182":23,"188":23,"192":60,"196":59,"200":58,"201":58,"202":229,"203":1,"207":57,"208":57},"path":"/Users/veronicac/Desktop/projects/freelance/lottery-contract/contracts/LotteryNFT.sol","s":{"1":83,"2":129,"3":57,"4":61,"5":51,"6":12,"7":23,"8":23,"9":23,"10":669,"11":669,"12":669,"13":669,"14":669,"15":669,"16":669,"17":669,"18":23,"19":23,"20":23,"21":60,"22":59,"23":58,"24":58,"25":229,"26":1,"27":57,"28":57},"b":{"1":[83,0],"2":[59,1],"3":[58,1],"4":[1,228]},"f":{"1":83,"2":129,"3":57,"4":61,"5":51,"6":12,"7":23,"8":60},"fnMap":{"1":{"name":"onlyLotto","line":51,"loc":{"start":{"line":51,"column":4},"end":{"line":57,"column":4}}},"2":{"name":"constructor","line":78,"loc":{"start":{"line":72,"column":4},"end":{"line":82,"column":4}}},"3":{"name":"getTicketNumbers","line":92,"loc":{"start":{"line":92,"column":4},"end":{"line":100,"column":4}}},"4":{"name":"getOwnerOfTicket","line":106,"loc":{"start":{"line":106,"column":4},"end":{"line":114,"column":4}}},"5":{"name":"getTicketClaimStatus","line":116,"loc":{"start":{"line":116,"column":4},"end":{"line":124,"column":4}}},"6":{"name":"getUserTickets","line":126,"loc":{"start":{"line":126,"column":4},"end":{"line":128,"column":4}}},"7":{"name":"batchMint","line":148,"loc":{"start":{"line":140,"column":4},"end":{"line":189,"column":4}}},"8":{"name":"claimTicket","line":191,"loc":{"start":{"line":191,"column":4},"end":{"line":209,"column":4}}}},"statementMap":{"1":{"start":{"line":52,"column":8},"end":{"line":52,"column":1609}},"2":{"start":{"line":81,"column":8},"end":{"line":81,"column":32}},"3":{"start":{"line":99,"column":8},"end":{"line":99,"column":45}},"4":{"start":{"line":113,"column":8},"end":{"line":113,"column":43}},"5":{"start":{"line":123,"column":8},"end":{"line":123,"column":45}},"6":{"start":{"line":127,"column":8},"end":{"line":127,"column":34}},"7":{"start":{"line":152,"column":8},"end":{"line":152,"column":66}},"8":{"start":{"line":154,"column":8},"end":{"line":154,"column":67}},"9":{"start":{"line":155,"column":8},"end":{"line":155,"column":4683}},"10":{"start":{"line":157,"column":12},"end":{"line":157,"column":49}},"11":{"start":{"line":158,"column":12},"end":{"line":158,"column":39}},"12":{"start":{"line":159,"column":12},"end":{"line":159,"column":25}},"13":{"start":{"line":161,"column":12},"end":{"line":161,"column":55}},"14":{"start":{"line":162,"column":12},"end":{"line":162,"column":62}},"15":{"start":{"line":164,"column":12},"end":{"line":164,"column":59}},"16":{"start":{"line":166,"column":12},"end":{"line":166,"column":5270}},"17":{"start":{"line":172,"column":12},"end":{"line":172,"column":49}},"18":{"start":{"line":175,"column":8},"end":{"line":175,"column":5526}},"19":{"start":{"line":182,"column":8},"end":{"line":182,"column":5673}},"20":{"start":{"line":188,"column":8},"end":{"line":188,"column":23}},"21":{"start":{"line":192,"column":8},"end":{"line":192,"column":5965}},"22":{"start":{"line":196,"column":8},"end":{"line":196,"column":6083}},"23":{"start":{"line":200,"column":8},"end":{"line":200,"column":67}},"24":{"start":{"line":201,"column":8},"end":{"line":201,"column":6282}},"25":{"start":{"line":202,"column":12},"end":{"line":202,"column":6368}},"26":{"start":{"line":203,"column":16},"end":{"line":203,"column":28}},"27":{"start":{"line":207,"column":8},"end":{"line":207,"column":44}},"28":{"start":{"line":208,"column":8},"end":{"line":208,"column":19}}},"branchMap":{"1":{"line":52,"type":"if","locations":[{"start":{"line":52,"column":8},"end":{"line":52,"column":8}},{"start":{"line":52,"column":8},"end":{"line":52,"column":8}}]},"2":{"line":192,"type":"if","locations":[{"start":{"line":192,"column":8},"end":{"line":192,"column":8}},{"start":{"line":192,"column":8},"end":{"line":192,"column":8}}]},"3":{"line":196,"type":"if","locations":[{"start":{"line":196,"column":8},"end":{"line":196,"column":8}},{"start":{"line":196,"column":8},"end":{"line":196,"column":8}}]},"4":{"line":202,"type":"if","locations":[{"start":{"line":202,"column":12},"end":{"line":202,"column":12}},{"start":{"line":202,"column":12},"end":{"line":202,"column":12}}]}}},"contracts/LotteryUpgradeProxy.sol":{"l":{},"path":"/Users/veronicac/Desktop/projects/freelance/lottery-contract/contracts/LotteryUpgradeProxy.sol","s":{},"b":{},"f":{"1":0},"fnMap":{"1":{"name":"constructor","line":7,"loc":{"start":{"line":7,"column":4},"end":{"line":9,"column":4}}}},"statementMap":{},"branchMap":{}},"contracts/RandomNumberGenerator.sol":{"l":{"18":13,"22":13,"37":129,"38":129,"39":129,"53":13,"54":13,"58":13,"59":13,"60":13,"67":12,"72":12},"path":"/Users/veronicac/Desktop/projects/freelance/lottery-contract/contracts/RandomNumberGenerator.sol","s":{"1":13,"2":129,"3":129,"4":129,"5":13,"6":13,"7":13,"8":13,"9":13,"10":12,"11":12},"b":{"1":[13,0],"2":[13,0],"3":[13,0]},"f":{"1":13,"2":129,"3":13,"4":12},"fnMap":{"1":{"name":"onlyLottery","line":17,"loc":{"start":{"line":17,"column":4},"end":{"line":23,"column":4}}},"2":{"name":"constructor","line":35,"loc":{"start":{"line":25,"column":4},"end":{"line":40,"column":4}}},"3":{"name":"getRandomNumber","line":50,"loc":{"start":{"line":45,"column":4},"end":{"line":61,"column":4}}},"4":{"name":"fulfillRandomness","line":66,"loc":{"start":{"line":66,"column":4},"end":{"line":73,"column":4}}}},"statementMap":{"1":{"start":{"line":18,"column":8},"end":{"line":18,"column":437}},"2":{"start":{"line":37,"column":8},"end":{"line":37,"column":25}},"3":{"start":{"line":38,"column":8},"end":{"line":38,"column":17}},"4":{"start":{"line":39,"column":8},"end":{"line":39,"column":25}},"5":{"start":{"line":53,"column":8},"end":{"line":53,"column":65}},"6":{"start":{"line":54,"column":8},"end":{"line":54,"column":1228}},"7":{"start":{"line":58,"column":8},"end":{"line":58,"column":29}},"8":{"start":{"line":59,"column":8},"end":{"line":59,"column":35}},"9":{"start":{"line":60,"column":8},"end":{"line":60,"column":64}},"10":{"start":{"line":67,"column":8},"end":{"line":67,"column":1663}},"11":{"start":{"line":72,"column":8},"end":{"line":72,"column":32}}},"branchMap":{"1":{"line":18,"type":"if","locations":[{"start":{"line":18,"column":8},"end":{"line":18,"column":8}},{"start":{"line":18,"column":8},"end":{"line":18,"column":8}}]},"2":{"line":53,"type":"if","locations":[{"start":{"line":53,"column":8},"end":{"line":53,"column":8}},{"start":{"line":53,"column":8},"end":{"line":53,"column":8}}]},"3":{"line":54,"type":"if","locations":[{"start":{"line":54,"column":8},"end":{"line":54,"column":8}},{"start":{"line":54,"column":8},"end":{"line":54,"column":8}}]}}},"contracts/Testable.sol":{"l":{"20":258,"27":26,"28":26,"37":26,"46":138,"47":138,"49":0},"path":"/Users/veronicac/Desktop/projects/freelance/lottery-contract/contracts/Testable.sol","s":{"1":258,"2":26,"3":26,"4":138,"5":138,"6":0},"b":{"1":[26,0],"2":[138,0]},"f":{"1":258,"2":26,"3":26,"4":138},"fnMap":{"1":{"name":"constructor","line":19,"loc":{"start":{"line":19,"column":4},"end":{"line":21,"column":4}}},"2":{"name":"onlyIfTest","line":26,"loc":{"start":{"line":26,"column":4},"end":{"line":29,"column":4}}},"3":{"name":"setCurrentTime","line":36,"loc":{"start":{"line":36,"column":4},"end":{"line":38,"column":4}}},"4":{"name":"getCurrentTime","line":45,"loc":{"start":{"line":45,"column":4},"end":{"line":51,"column":4}}}},"statementMap":{"1":{"start":{"line":20,"column":8},"end":{"line":20,"column":35}},"2":{"start":{"line":27,"column":8},"end":{"line":27,"column":44}},"3":{"start":{"line":37,"column":8},"end":{"line":37,"column":47}},"4":{"start":{"line":46,"column":8},"end":{"line":46,"column":1547}},"5":{"start":{"line":47,"column":12},"end":{"line":47,"column":55}},"6":{"start":{"line":49,"column":12},"end":{"line":49,"column":34}}},"branchMap":{"1":{"line":27,"type":"if","locations":[{"start":{"line":27,"column":8},"end":{"line":27,"column":8}},{"start":{"line":27,"column":8},"end":{"line":27,"column":8}}]},"2":{"line":46,"type":"if","locations":[{"start":{"line":46,"column":8},"end":{"line":46,"column":8}},{"start":{"line":46,"column":8},"end":{"line":46,"column":8}}]}}},"contracts/Timer.sol":{"l":{"11":129,"20":26,"29":138},"path":"/Users/veronicac/Desktop/projects/freelance/lottery-contract/contracts/Timer.sol","s":{"1":129,"2":26,"3":138},"b":{},"f":{"1":129,"2":26,"3":138},"fnMap":{"1":{"name":"constructor","line":10,"loc":{"start":{"line":10,"column":4},"end":{"line":12,"column":4}}},"2":{"name":"setCurrentTime","line":19,"loc":{"start":{"line":19,"column":4},"end":{"line":21,"column":4}}},"3":{"name":"getCurrentTime","line":28,"loc":{"start":{"line":28,"column":4},"end":{"line":30,"column":4}}}},"statementMap":{"1":{"start":{"line":11,"column":8},"end":{"line":11,"column":36}},"2":{"start":{"line":20,"column":8},"end":{"line":20,"column":25}},"3":{"start":{"line":29,"column":8},"end":{"line":29,"column":26}}},"branchMap":{}}}