{"contracts/ILottery.sol":{"l":{},"path":"/Users/veronicac/Desktop/projects/freelance/lottery-contract/contracts/ILottery.sol","s":{},"b":{},"f":{},"fnMap":{},"statementMap":{},"branchMap":{}},"contracts/ILottoNFT.sol":{"l":{},"path":"/Users/veronicac/Desktop/projects/freelance/lottery-contract/contracts/ILottoNFT.sol","s":{},"b":{},"f":{},"fnMap":{},"statementMap":{},"branchMap":{}},"contracts/Lotto.sol":{"l":{"98":105,"99":105,"100":105,"104":35,"119":19,"120":19,"127":3,"133":7,"144":2,"148":1,"152":2,"156":1,"161":13,"165":12,"170":11,"171":11,"204":31,"208":30,"209":30,"210":120,"213":30,"217":29,"221":27,"228":24,"229":24,"231":24,"242":24,"245":24,"269":18,"273":18,"277":17,"278":17,"283":16,"286":16,"288":16,"297":15,"305":15,"313":15,"318":11,"322":10,"326":9,"330":8,"335":7,"340":6,"345":6,"350":6,"352":6,"367":6,"369":6,"370":24,"371":14,"375":6,"391":6,"393":6,"394":1,"397":5,"399":5,"401":5},"path":"/Users/veronicac/Desktop/projects/freelance/lottery-contract/contracts/Lotto.sol","s":{"1":105,"2":105,"3":105,"4":35,"5":19,"6":19,"7":3,"8":7,"9":2,"10":1,"11":2,"12":1,"13":13,"14":12,"15":11,"16":11,"17":31,"18":30,"19":30,"20":120,"21":30,"22":29,"23":27,"24":24,"25":24,"26":24,"27":24,"28":24,"29":18,"30":18,"31":17,"32":17,"33":16,"34":16,"35":16,"36":15,"37":15,"38":15,"39":11,"40":10,"41":9,"42":8,"43":7,"44":6,"45":6,"46":6,"47":6,"48":6,"49":6,"50":24,"51":14,"52":6,"53":6,"54":6,"55":1,"56":5,"57":5,"58":5},"b":{"1":[1,1],"2":[1,1],"3":[12,1],"4":[11,1],"5":[30,1],"6":[29,1],"7":[27,2],"8":[24,3],"9":[18,0],"10":[17,1],"11":[16,1],"12":[15,1],"13":[10,1],"14":[9,1],"15":[8,1],"16":[7,1],"17":[6,1],"18":[14,10],"19":[1,5]},"f":{"1":105,"2":35,"3":19,"4":3,"5":7,"6":2,"7":2,"8":13,"9":31,"10":18,"11":11,"12":6,"13":6},"fnMap":{"1":{"name":"constructor","line":96,"loc":{"start":{"line":90,"column":4},"end":{"line":101,"column":4}}},"2":{"name":"init","line":103,"loc":{"start":{"line":103,"column":4},"end":{"line":105,"column":4}}},"3":{"name":"costToBuyTickets","line":111,"loc":{"start":{"line":111,"column":4},"end":{"line":121,"column":4}}},"4":{"name":"getBasicLottoInfo","line":123,"loc":{"start":{"line":123,"column":4},"end":{"line":130,"column":4}}},"5":{"name":"getMaxRange","line":132,"loc":{"start":{"line":132,"column":4},"end":{"line":134,"column":4}}},"6":{"name":"updateSizeOfLottery","line":143,"loc":{"start":{"line":143,"column":4},"end":{"line":149,"column":4}}},"7":{"name":"updateMaxRange","line":151,"loc":{"start":{"line":151,"column":4},"end":{"line":157,"column":4}}},"8":{"name":"drawWinningNumbers","line":160,"loc":{"start":{"line":160,"column":4},"end":{"line":172,"column":4}}},"9":{"name":"createNewLotto","line":201,"loc":{"start":{"line":192,"column":4},"end":{"line":256,"column":4}}},"10":{"name":"batchBuyLottoTicket","line":261,"loc":{"start":{"line":261,"column":4},"end":{"line":314,"column":4}}},"11":{"name":"claimReward","line":317,"loc":{"start":{"line":317,"column":4},"end":{"line":353,"column":4}}},"12":{"name":"getNumberOfMatching","line":359,"loc":{"start":{"line":359,"column":4},"end":{"line":376,"column":4}}},"13":{"name":"prizeForMatching","line":383,"loc":{"start":{"line":383,"column":4},"end":{"line":402,"column":4}}}},"statementMap":{"1":{"start":{"line":98,"column":8},"end":{"line":98,"column":28}},"2":{"start":{"line":99,"column":8},"end":{"line":99,"column":45}},"3":{"start":{"line":100,"column":8},"end":{"line":100,"column":44}},"4":{"start":{"line":104,"column":8},"end":{"line":104,"column":36}},"5":{"start":{"line":119,"column":8},"end":{"line":119,"column":66}},"6":{"start":{"line":120,"column":8},"end":{"line":120,"column":49}},"7":{"start":{"line":127,"column":8},"end":{"line":127,"column":4216}},"8":{"start":{"line":133,"column":8},"end":{"line":133,"column":29}},"9":{"start":{"line":144,"column":8},"end":{"line":144,"column":4778}},"10":{"start":{"line":148,"column":8},"end":{"line":148,"column":32}},"11":{"start":{"line":152,"column":8},"end":{"line":152,"column":5001}},"12":{"start":{"line":156,"column":8},"end":{"line":156,"column":36}},"13":{"start":{"line":161,"column":8},"end":{"line":161,"column":5267}},"14":{"start":{"line":165,"column":8},"end":{"line":165,"column":5403}},"15":{"start":{"line":170,"column":8},"end":{"line":170,"column":63}},"16":{"start":{"line":171,"column":8},"end":{"line":171,"column":63}},"17":{"start":{"line":204,"column":8},"end":{"line":204,"column":7175}},"18":{"start":{"line":208,"column":8},"end":{"line":208,"column":42}},"19":{"start":{"line":209,"column":8},"end":{"line":209,"column":7339}},"20":{"start":{"line":210,"column":12},"end":{"line":210,"column":67}},"21":{"start":{"line":213,"column":8},"end":{"line":213,"column":7546}},"22":{"start":{"line":217,"column":8},"end":{"line":217,"column":7662}},"23":{"start":{"line":221,"column":8},"end":{"line":221,"column":7788}},"24":{"start":{"line":228,"column":8},"end":{"line":228,"column":36}},"25":{"start":{"line":229,"column":8},"end":{"line":229,"column":69}},"26":{"start":{"line":231,"column":8},"end":{"line":231,"column":8161}},"27":{"start":{"line":242,"column":8},"end":{"line":242,"column":62}},"28":{"start":{"line":245,"column":8},"end":{"line":245,"column":8616}},"29":{"start":{"line":269,"column":8},"end":{"line":269,"column":9251}},"30":{"start":{"line":273,"column":8},"end":{"line":273,"column":9394}},"31":{"start":{"line":277,"column":8},"end":{"line":277,"column":61}},"32":{"start":{"line":278,"column":8},"end":{"line":278,"column":9596}},"33":{"start":{"line":283,"column":8},"end":{"line":283,"column":71}},"34":{"start":{"line":286,"column":8},"end":{"line":286,"column":58}},"35":{"start":{"line":288,"column":8},"end":{"line":288,"column":10053}},"36":{"start":{"line":297,"column":8},"end":{"line":297,"column":10300}},"37":{"start":{"line":305,"column":8},"end":{"line":305,"column":10557}},"38":{"start":{"line":313,"column":8},"end":{"line":313,"column":24}},"39":{"start":{"line":318,"column":8},"end":{"line":318,"column":10856}},"40":{"start":{"line":322,"column":8},"end":{"line":322,"column":10987}},"41":{"start":{"line":326,"column":8},"end":{"line":326,"column":11131}},"42":{"start":{"line":330,"column":8},"end":{"line":330,"column":11257}},"43":{"start":{"line":335,"column":8},"end":{"line":335,"column":11429}},"44":{"start":{"line":340,"column":8},"end":{"line":340,"column":11589}},"45":{"start":{"line":345,"column":8},"end":{"line":345,"column":11812}},"46":{"start":{"line":350,"column":8},"end":{"line":350,"column":61}},"47":{"start":{"line":352,"column":8},"end":{"line":352,"column":59}},"48":{"start":{"line":367,"column":8},"end":{"line":367,"column":30}},"49":{"start":{"line":369,"column":8},"end":{"line":369,"column":12551}},"50":{"start":{"line":370,"column":12},"end":{"line":370,"column":12622}},"51":{"start":{"line":371,"column":16},"end":{"line":371,"column":32}},"52":{"start":{"line":375,"column":8},"end":{"line":375,"column":27}},"53":{"start":{"line":391,"column":8},"end":{"line":391,"column":25}},"54":{"start":{"line":393,"column":8},"end":{"line":393,"column":13252}},"55":{"start":{"line":394,"column":12},"end":{"line":394,"column":20}},"56":{"start":{"line":397,"column":8},"end":{"line":397,"column":88}},"57":{"start":{"line":399,"column":8},"end":{"line":399,"column":66}},"58":{"start":{"line":401,"column":8},"end":{"line":401,"column":24}}},"branchMap":{"1":{"line":144,"type":"if","locations":[{"start":{"line":144,"column":8},"end":{"line":144,"column":8}},{"start":{"line":144,"column":8},"end":{"line":144,"column":8}}]},"2":{"line":152,"type":"if","locations":[{"start":{"line":152,"column":8},"end":{"line":152,"column":8}},{"start":{"line":152,"column":8},"end":{"line":152,"column":8}}]},"3":{"line":161,"type":"if","locations":[{"start":{"line":161,"column":8},"end":{"line":161,"column":8}},{"start":{"line":161,"column":8},"end":{"line":161,"column":8}}]},"4":{"line":165,"type":"if","locations":[{"start":{"line":165,"column":8},"end":{"line":165,"column":8}},{"start":{"line":165,"column":8},"end":{"line":165,"column":8}}]},"5":{"line":204,"type":"if","locations":[{"start":{"line":204,"column":8},"end":{"line":204,"column":8}},{"start":{"line":204,"column":8},"end":{"line":204,"column":8}}]},"6":{"line":213,"type":"if","locations":[{"start":{"line":213,"column":8},"end":{"line":213,"column":8}},{"start":{"line":213,"column":8},"end":{"line":213,"column":8}}]},"7":{"line":217,"type":"if","locations":[{"start":{"line":217,"column":8},"end":{"line":217,"column":8}},{"start":{"line":217,"column":8},"end":{"line":217,"column":8}}]},"8":{"line":221,"type":"if","locations":[{"start":{"line":221,"column":8},"end":{"line":221,"column":8}},{"start":{"line":221,"column":8},"end":{"line":221,"column":8}}]},"9":{"line":269,"type":"if","locations":[{"start":{"line":269,"column":8},"end":{"line":269,"column":8}},{"start":{"line":269,"column":8},"end":{"line":269,"column":8}}]},"10":{"line":273,"type":"if","locations":[{"start":{"line":273,"column":8},"end":{"line":273,"column":8}},{"start":{"line":273,"column":8},"end":{"line":273,"column":8}}]},"11":{"line":278,"type":"if","locations":[{"start":{"line":278,"column":8},"end":{"line":278,"column":8}},{"start":{"line":278,"column":8},"end":{"line":278,"column":8}}]},"12":{"line":288,"type":"if","locations":[{"start":{"line":288,"column":8},"end":{"line":288,"column":8}},{"start":{"line":288,"column":8},"end":{"line":288,"column":8}}]},"13":{"line":318,"type":"if","locations":[{"start":{"line":318,"column":8},"end":{"line":318,"column":8}},{"start":{"line":318,"column":8},"end":{"line":318,"column":8}}]},"14":{"line":322,"type":"if","locations":[{"start":{"line":322,"column":8},"end":{"line":322,"column":8}},{"start":{"line":322,"column":8},"end":{"line":322,"column":8}}]},"15":{"line":326,"type":"if","locations":[{"start":{"line":326,"column":8},"end":{"line":326,"column":8}},{"start":{"line":326,"column":8},"end":{"line":326,"column":8}}]},"16":{"line":330,"type":"if","locations":[{"start":{"line":330,"column":8},"end":{"line":330,"column":8}},{"start":{"line":330,"column":8},"end":{"line":330,"column":8}}]},"17":{"line":335,"type":"if","locations":[{"start":{"line":335,"column":8},"end":{"line":335,"column":8}},{"start":{"line":335,"column":8},"end":{"line":335,"column":8}}]},"18":{"line":370,"type":"if","locations":[{"start":{"line":370,"column":12},"end":{"line":370,"column":12}},{"start":{"line":370,"column":12},"end":{"line":370,"column":12}}]},"19":{"line":393,"type":"if","locations":[{"start":{"line":393,"column":8},"end":{"line":393,"column":8}},{"start":{"line":393,"column":8},"end":{"line":393,"column":8}}]}}},"contracts/LottoNFT.sol":{"l":{"44":105,"48":14,"73":9,"91":8,"105":10,"115":15,"119":15,"144":15,"146":624,"147":624,"149":624,"150":624,"151":624,"153":624,"154":624,"156":624,"158":15,"163":15,"166":15,"173":7,"179":7,"183":25,"184":1,"185":24,"186":6,"190":0,"191":0},"path":"/Users/veronicac/Desktop/projects/freelance/lottery-contract/contracts/LottoNFT.sol","s":{"1":105,"2":9,"3":8,"4":10,"5":15,"6":15,"7":624,"8":624,"9":624,"10":624,"11":624,"12":624,"13":624,"14":624,"15":15,"16":15,"17":15,"18":7,"19":7,"20":7,"21":1,"22":1,"23":6,"24":6,"25":0,"26":0},"b":{"1":[14,91],"2":[6,0]},"f":{"1":22,"2":14,"3":9,"4":8,"5":10,"6":15,"7":15,"8":25},"fnMap":{"1":{"name":"onlyLotto","line":43,"loc":{"start":{"line":43,"column":4},"end":{"line":49,"column":4}}},"2":{"name":"constructor","line":70,"loc":{"start":{"line":64,"column":4},"end":{"line":74,"column":4}}},"3":{"name":"getTicketNumbers","line":84,"loc":{"start":{"line":84,"column":4},"end":{"line":92,"column":4}}},"4":{"name":"getOwnerOfTicket","line":98,"loc":{"start":{"line":98,"column":4},"end":{"line":106,"column":4}}},"5":{"name":"getTicketClaimStatus","line":108,"loc":{"start":{"line":108,"column":4},"end":{"line":116,"column":4}}},"6":{"name":"getUserTickets","line":118,"loc":{"start":{"line":118,"column":4},"end":{"line":120,"column":4}}},"7":{"name":"batchMint","line":140,"loc":{"start":{"line":132,"column":4},"end":{"line":180,"column":4}}},"8":{"name":"claimTicket","line":182,"loc":{"start":{"line":182,"column":4},"end":{"line":192,"column":4}}}},"statementMap":{"1":{"start":{"line":44,"column":8},"end":{"line":44,"column":1397}},"2":{"start":{"line":73,"column":8},"end":{"line":73,"column":30}},"3":{"start":{"line":91,"column":8},"end":{"line":91,"column":45}},"4":{"start":{"line":105,"column":8},"end":{"line":105,"column":43}},"5":{"start":{"line":115,"column":8},"end":{"line":115,"column":45}},"6":{"start":{"line":119,"column":8},"end":{"line":119,"column":34}},"7":{"start":{"line":144,"column":8},"end":{"line":144,"column":66}},"8":{"start":{"line":146,"column":8},"end":{"line":146,"column":67}},"9":{"start":{"line":147,"column":8},"end":{"line":147,"column":4460}},"10":{"start":{"line":149,"column":12},"end":{"line":149,"column":30}},"11":{"start":{"line":150,"column":12},"end":{"line":150,"column":39}},"12":{"start":{"line":151,"column":12},"end":{"line":151,"column":25}},"13":{"start":{"line":153,"column":12},"end":{"line":153,"column":42}},"14":{"start":{"line":154,"column":12},"end":{"line":154,"column":44}},"15":{"start":{"line":156,"column":12},"end":{"line":156,"column":59}},"16":{"start":{"line":158,"column":12},"end":{"line":158,"column":5001}},"17":{"start":{"line":163,"column":12},"end":{"line":163,"column":49}},"18":{"start":{"line":166,"column":8},"end":{"line":166,"column":5231}},"19":{"start":{"line":173,"column":8},"end":{"line":173,"column":5378}},"20":{"start":{"line":179,"column":8},"end":{"line":179,"column":23}},"21":{"start":{"line":183,"column":8},"end":{"line":183,"column":65}},"22":{"start":{"line":184,"column":8},"end":{"line":184,"column":5715}},"23":{"start":{"line":185,"column":12},"end":{"line":185,"column":5801}},"24":{"start":{"line":186,"column":16},"end":{"line":186,"column":28}},"25":{"start":{"line":190,"column":8},"end":{"line":190,"column":44}},"26":{"start":{"line":191,"column":8},"end":{"line":191,"column":19}}},"branchMap":{"1":{"line":44,"type":"if","locations":[{"start":{"line":44,"column":8},"end":{"line":44,"column":8}},{"start":{"line":44,"column":8},"end":{"line":44,"column":8}}]},"2":{"line":185,"type":"if","locations":[{"start":{"line":185,"column":12},"end":{"line":185,"column":12}},{"start":{"line":185,"column":12},"end":{"line":185,"column":12}}]}}},"contracts/Mock_erc20.sol":{"l":{"8":0,"12":0},"path":"/Users/veronicac/Desktop/projects/freelance/lottery-contract/contracts/Mock_erc20.sol","s":{"1":0,"2":0},"b":{},"f":{"1":35,"2":0},"fnMap":{"1":{"name":"constructor","line":7,"loc":{"start":{"line":7,"column":4},"end":{"line":9,"column":4}}},"2":{"name":"mint","line":11,"loc":{"start":{"line":11,"column":4},"end":{"line":13,"column":4}}}},"statementMap":{"1":{"start":{"line":8,"column":8},"end":{"line":8,"column":33}},"2":{"start":{"line":12,"column":8},"end":{"line":12,"column":26}}},"branchMap":{}},"contracts/old_contracts/LotteryUpgradeProxy.sol":{"l":{},"path":"/Users/veronicac/Desktop/projects/freelance/lottery-contract/contracts/old_contracts/LotteryUpgradeProxy.sol","s":{},"b":{},"f":{"1":0},"fnMap":{"1":{"name":"constructor","line":7,"loc":{"start":{"line":7,"column":4},"end":{"line":9,"column":4}}}},"statementMap":{},"branchMap":{}},"contracts/Testable.sol":{"l":{"20":105,"27":25,"28":25,"37":25,"46":113,"47":113,"49":0},"path":"/Users/veronicac/Desktop/projects/freelance/lottery-contract/contracts/Testable.sol","s":{"1":105,"2":25,"3":25,"4":113,"5":113,"6":0},"b":{"1":[25,0],"2":[113,0]},"f":{"1":105,"2":25,"3":25,"4":113},"fnMap":{"1":{"name":"constructor","line":19,"loc":{"start":{"line":19,"column":4},"end":{"line":21,"column":4}}},"2":{"name":"onlyIfTest","line":26,"loc":{"start":{"line":26,"column":4},"end":{"line":29,"column":4}}},"3":{"name":"setCurrentTime","line":36,"loc":{"start":{"line":36,"column":4},"end":{"line":38,"column":4}}},"4":{"name":"getCurrentTime","line":45,"loc":{"start":{"line":45,"column":4},"end":{"line":51,"column":4}}}},"statementMap":{"1":{"start":{"line":20,"column":8},"end":{"line":20,"column":35}},"2":{"start":{"line":27,"column":8},"end":{"line":27,"column":44}},"3":{"start":{"line":37,"column":8},"end":{"line":37,"column":47}},"4":{"start":{"line":46,"column":8},"end":{"line":46,"column":1536}},"5":{"start":{"line":47,"column":12},"end":{"line":47,"column":55}},"6":{"start":{"line":49,"column":12},"end":{"line":49,"column":34}}},"branchMap":{"1":{"line":27,"type":"if","locations":[{"start":{"line":27,"column":8},"end":{"line":27,"column":8}},{"start":{"line":27,"column":8},"end":{"line":27,"column":8}}]},"2":{"line":46,"type":"if","locations":[{"start":{"line":46,"column":8},"end":{"line":46,"column":8}},{"start":{"line":46,"column":8},"end":{"line":46,"column":8}}]}}},"contracts/Timer.sol":{"l":{"11":113,"20":0,"29":0},"path":"/Users/veronicac/Desktop/projects/freelance/lottery-contract/contracts/Timer.sol","s":{"1":113,"2":0,"3":0},"b":{},"f":{"1":25,"2":113,"3":0},"fnMap":{"1":{"name":"constructor","line":10,"loc":{"start":{"line":10,"column":4},"end":{"line":12,"column":4}}},"2":{"name":"setCurrentTime","line":19,"loc":{"start":{"line":19,"column":4},"end":{"line":21,"column":4}}},"3":{"name":"getCurrentTime","line":28,"loc":{"start":{"line":28,"column":4},"end":{"line":30,"column":4}}}},"statementMap":{"1":{"start":{"line":11,"column":8},"end":{"line":11,"column":36}},"2":{"start":{"line":20,"column":8},"end":{"line":20,"column":25}},"3":{"start":{"line":29,"column":8},"end":{"line":29,"column":26}}},"branchMap":{}}}