TN:
SF:/Users/veronicac/Desktop/projects/freelance/lottery-contract/contracts/ILottery.sol
FNF:0
FNH:0
LF:0
LH:0
BRF:0
BRH:0
end_of_record
TN:
SF:/Users/veronicac/Desktop/projects/freelance/lottery-contract/contracts/ILottoNFT.sol
FNF:0
FNH:0
LF:0
LH:0
BRF:0
BRH:0
end_of_record
TN:
SF:/Users/veronicac/Desktop/projects/freelance/lottery-contract/contracts/Lotto.sol
FN:99,constructor
FN:106,init
FN:114,costToBuyTickets
FN:126,getBasicLottoInfo
FN:135,getMaxRange
FN:146,updateSizeOfLottery
FN:154,updateMaxRange
FN:163,drawWinningNumbers
FN:204,createNewLotto
FN:264,batchBuyLottoTicket
FN:320,claimReward
FN:360,batchClaimRewards
FN:417,getNumberOfMatching
FN:441,prizeForMatching
FNF:14
FNH:14
FNDA:108,constructor
FNDA:36,init
FNDA:20,costToBuyTickets
FNDA:3,getBasicLottoInfo
FNDA:57,getMaxRange
FNDA:2,updateSizeOfLottery
FNDA:2,updateMaxRange
FNDA:14,drawWinningNumbers
FNDA:32,createNewLotto
FNDA:19,batchBuyLottoTicket
FNDA:11,claimReward
FNDA:1,batchClaimRewards
FNDA:56,getNumberOfMatching
FNDA:56,prizeForMatching
DA:101,108
DA:102,108
DA:103,108
DA:107,36
DA:122,20
DA:123,20
DA:130,3
DA:136,57
DA:147,2
DA:151,1
DA:155,2
DA:159,1
DA:164,14
DA:168,13
DA:173,12
DA:174,12
DA:207,32
DA:211,31
DA:212,31
DA:213,124
DA:216,31
DA:220,30
DA:224,28
DA:231,25
DA:232,25
DA:234,25
DA:245,25
DA:248,25
DA:272,19
DA:276,19
DA:280,18
DA:281,18
DA:286,17
DA:289,17
DA:291,17
DA:300,16
DA:308,16
DA:316,16
DA:322,11
DA:327,10
DA:331,9
DA:335,8
DA:340,7
DA:345,6
DA:350,6
DA:355,6
DA:357,6
DA:365,1
DA:370,1
DA:375,1
DA:377,1
DA:379,50
DA:384,50
DA:388,0
DA:391,50
DA:396,50
DA:401,50
DA:406,50
DA:407,50
DA:410,1
DA:425,56
DA:427,56
DA:428,224
DA:429,31
DA:433,56
DA:449,56
DA:451,56
DA:452,37
DA:455,19
DA:457,19
DA:459,19
LF:71
LH:70
BRDA:147,1,0,1
BRDA:147,1,1,1
BRDA:155,2,0,1
BRDA:155,2,1,1
BRDA:164,3,0,13
BRDA:164,3,1,1
BRDA:168,4,0,12
BRDA:168,4,1,1
BRDA:207,5,0,31
BRDA:207,5,1,1
BRDA:216,6,0,30
BRDA:216,6,1,1
BRDA:220,7,0,28
BRDA:220,7,1,2
BRDA:224,8,0,25
BRDA:224,8,1,3
BRDA:272,9,0,19
BRDA:272,9,1,0
BRDA:276,10,0,18
BRDA:276,10,1,1
BRDA:281,11,0,17
BRDA:281,11,1,1
BRDA:291,12,0,16
BRDA:291,12,1,1
BRDA:322,13,0,10
BRDA:322,13,1,1
BRDA:327,14,0,9
BRDA:327,14,1,1
BRDA:331,15,0,8
BRDA:331,15,1,1
BRDA:335,16,0,7
BRDA:335,16,1,1
BRDA:340,17,0,6
BRDA:340,17,1,1
BRDA:365,18,0,1
BRDA:365,18,1,0
BRDA:370,19,0,1
BRDA:370,19,1,0
BRDA:379,20,0,50
BRDA:379,20,1,0
BRDA:384,21,0,0
BRDA:384,21,1,50
BRDA:391,22,0,50
BRDA:391,22,1,0
BRDA:428,23,0,31
BRDA:428,23,1,193
BRDA:451,24,0,37
BRDA:451,24,1,19
BRF:48
BRH:42
end_of_record
TN:
SF:/Users/veronicac/Desktop/projects/freelance/lottery-contract/contracts/LottoNFT.sol
FN:43,onlyLotto
FN:70,constructor
FN:84,getTicketNumbers
FN:98,getOwnerOfTicket
FN:108,getTicketClaimStatus
FN:118,getUserTickets
FN:140,batchMint
FN:182,claimTicket
FNF:8
FNH:8
FNDA:73,onlyLotto
FNDA:108,constructor
FNDA:65,getTicketNumbers
FNDA:59,getOwnerOfTicket
FNDA:108,getTicketClaimStatus
FNDA:11,getUserTickets
FNDA:16,batchMint
FNDA:57,claimTicket
DA:44,73
DA:48,73
DA:73,108
DA:91,65
DA:105,59
DA:115,108
DA:119,11
DA:144,16
DA:146,16
DA:147,16
DA:149,674
DA:150,674
DA:151,674
DA:153,674
DA:154,674
DA:156,674
DA:158,674
DA:163,674
DA:166,16
DA:173,16
DA:179,16
DA:183,57
DA:184,57
DA:185,225
DA:186,1
DA:190,56
DA:191,56
LF:27
LH:27
BRDA:44,1,0,73
BRDA:44,1,1,0
BRDA:185,2,0,1
BRDA:185,2,1,224
BRF:4
BRH:3
end_of_record
TN:
SF:/Users/veronicac/Desktop/projects/freelance/lottery-contract/contracts/old_contracts/LotteryUpgradeProxy.sol
FN:7,constructor
FNF:1
FNH:0
FNDA:0,constructor
LF:0
LH:0
BRF:0
BRH:0
end_of_record
TN:
SF:/Users/veronicac/Desktop/projects/freelance/lottery-contract/contracts/Testable.sol
FN:19,constructor
FN:26,onlyIfTest
FN:36,setCurrentTime
FN:45,getCurrentTime
FNF:4
FNH:4
FNDA:216,constructor
FNDA:27,onlyIfTest
FNDA:27,setCurrentTime
FNDA:120,getCurrentTime
DA:20,216
DA:27,27
DA:28,27
DA:37,27
DA:46,120
DA:47,120
DA:49,0
LF:7
LH:6
BRDA:27,1,0,27
BRDA:27,1,1,0
BRDA:46,2,0,120
BRDA:46,2,1,0
BRF:4
BRH:2
end_of_record
TN:
SF:/Users/veronicac/Desktop/projects/freelance/lottery-contract/contracts/Timer.sol
FN:10,constructor
FN:19,setCurrentTime
FN:28,getCurrentTime
FNF:3
FNH:3
FNDA:108,constructor
FNDA:27,setCurrentTime
FNDA:120,getCurrentTime
DA:11,108
DA:20,27
DA:29,120
LF:3
LH:3
BRF:0
BRH:0
end_of_record
