TN:
SF:/Users/veronicac/Desktop/projects/freelance/lottery-contract/contracts/ILottery.sol
FNF:0
FNH:0
LF:0
LH:0
BRF:0
BRH:0
end_of_record
TN:
SF:/Users/veronicac/Desktop/projects/freelance/lottery-contract/contracts/ILotteryNFT.sol
FNF:0
FNH:0
LF:0
LH:0
BRF:0
BRH:0
end_of_record
TN:
SF:/Users/veronicac/Desktop/projects/freelance/lottery-contract/contracts/Lottery.sol
FN:108,onlyRandomGenerator
FN:131,constructor
FN:170,initialize
FN:185,costToBuyTickets
FN:197,costToBuyTicketsWithDiscount
FN:214,getBasicLottoInfo
FN:223,getMaxRange
FN:234,updateSizeOfLottery
FN:242,updateMaxRange
FN:258,updateBuckets
FN:282,drawWinningNumbers
FN:308,numbersDrawn
FN:347,createNewLotto
FN:407,withdrawCake
FN:417,batchBuyLottoTicket
FN:472,claimReward
FN:508,batchClaimRewards
FN:564,_discount
FN:589,_getNumberOfMatching
FN:612,_prizeForMatching
FN:633,_split
FNF:21
FNH:21
FNDA:12,onlyRandomGenerator
FNDA:129,constructor
FNDA:43,initialize
FNDA:101,costToBuyTickets
FNDA:47,costToBuyTicketsWithDiscount
FNDA:3,getBasicLottoInfo
FNDA:58,getMaxRange
FNDA:2,updateSizeOfLottery
FNDA:2,updateMaxRange
FNDA:5,updateBuckets
FNDA:15,drawWinningNumbers
FNDA:12,numbersDrawn
FNDA:34,createNewLotto
FNDA:1,withdrawCake
FNDA:26,batchBuyLottoTicket
FNDA:12,claimReward
FNDA:1,batchClaimRewards
FNDA:47,_discount
FNDA:57,_getNumberOfMatching
FNDA:57,_prizeForMatching
FNDA:12,_split
DA:109,12
DA:113,12
DA:134,129
DA:139,129
DA:144,129
DA:148,129
DA:153,129
DA:154,129
DA:155,129
DA:157,129
DA:158,129
DA:159,129
DA:160,129
DA:161,129
DA:172,43
DA:177,43
DA:178,43
DA:193,101
DA:194,101
DA:209,47
DA:210,47
DA:211,47
DA:218,3
DA:224,58
DA:235,2
DA:239,1
DA:243,2
DA:247,1
DA:260,5
DA:265,3
DA:270,1
DA:271,1
DA:272,1
DA:273,1
DA:274,1
DA:285,15
DA:290,14
DA:295,13
DA:297,13
DA:299,13
DA:310,12
DA:314,12
DA:315,12
DA:316,12
DA:350,34
DA:354,33
DA:355,33
DA:356,132
DA:361,33
DA:365,32
DA:369,30
DA:376,27
DA:377,27
DA:378,27
DA:380,27
DA:391,27
DA:394,27
DA:408,1
DA:425,26
DA:429,26
DA:434,25
DA:436,25
DA:441,24
DA:447,24
DA:453,23
DA:461,23
DA:474,12
DA:479,11
DA:483,10
DA:488,9
DA:493,6
DA:498,6
DA:503,6
DA:505,6
DA:513,1
DA:518,1
DA:523,1
DA:525,1
DA:527,51
DA:532,51
DA:535,0
DA:538,51
DA:543,51
DA:548,51
DA:553,51
DA:554,51
DA:557,1
DA:573,47
DA:575,47
DA:576,20
DA:582,1
DA:585,26
DA:598,57
DA:600,228
DA:602,21
DA:620,57
DA:622,57
DA:623,43
DA:626,14
DA:628,14
DA:630,14
DA:641,12
DA:643,12
DA:645,48
DA:647,48
DA:649,48
DA:651,12
LF:107
LH:106
BRDA:109,1,0,12
BRDA:109,1,1,0
BRDA:134,2,0,129
BRDA:134,2,1,0
BRDA:139,3,0,129
BRDA:139,3,1,0
BRDA:144,4,0,129
BRDA:144,4,1,0
BRDA:148,5,0,129
BRDA:148,5,1,0
BRDA:172,6,0,43
BRDA:172,6,1,0
BRDA:235,7,0,1
BRDA:235,7,1,1
BRDA:243,8,0,1
BRDA:243,8,1,1
BRDA:260,9,0,3
BRDA:260,9,1,2
BRDA:265,10,0,1
BRDA:265,10,1,2
BRDA:285,11,0,14
BRDA:285,11,1,1
BRDA:290,12,0,13
BRDA:290,12,1,1
BRDA:310,13,0,12
BRDA:310,13,1,0
BRDA:314,14,0,12
BRDA:314,14,1,0
BRDA:350,15,0,33
BRDA:350,15,1,1
BRDA:361,16,0,32
BRDA:361,16,1,1
BRDA:365,17,0,30
BRDA:365,17,1,2
BRDA:369,18,0,27
BRDA:369,18,1,3
BRDA:425,19,0,26
BRDA:425,19,1,0
BRDA:429,20,0,25
BRDA:429,20,1,1
BRDA:436,21,0,24
BRDA:436,21,1,1
BRDA:474,22,0,11
BRDA:474,22,1,1
BRDA:479,23,0,10
BRDA:479,23,1,1
BRDA:483,24,0,9
BRDA:483,24,1,1
BRDA:488,25,0,6
BRDA:488,25,1,3
BRDA:513,26,0,1
BRDA:513,26,1,0
BRDA:518,27,0,1
BRDA:518,27,1,0
BRDA:527,28,0,51
BRDA:527,28,1,0
BRDA:532,29,0,0
BRDA:532,29,1,51
BRDA:538,30,0,51
BRDA:538,30,1,0
BRDA:575,31,0,20
BRDA:575,31,1,27
BRDA:577,32,0,1
BRDA:577,32,1,26
BRDA:600,33,0,21
BRDA:600,33,1,207
BRDA:622,34,0,43
BRDA:622,34,1,14
BRF:68
BRH:54
end_of_record
TN:
SF:/Users/veronicac/Desktop/projects/freelance/lottery-contract/contracts/LotteryNFT.sol
FN:51,onlyLotto
FN:78,constructor
FN:92,getTicketNumbers
FN:106,getOwnerOfTicket
FN:116,getTicketClaimStatus
FN:126,getUserTickets
FN:148,batchMint
FN:191,claimTicket
FNF:8
FNH:8
FNDA:83,onlyLotto
FNDA:129,constructor
FNDA:57,getTicketNumbers
FNDA:61,getOwnerOfTicket
FNDA:51,getTicketClaimStatus
FNDA:12,getUserTickets
FNDA:23,batchMint
FNDA:60,claimTicket
DA:52,83
DA:56,83
DA:81,129
DA:99,57
DA:113,61
DA:123,51
DA:127,12
DA:152,23
DA:154,23
DA:155,23
DA:157,669
DA:158,669
DA:159,669
DA:161,669
DA:162,669
DA:164,669
DA:166,669
DA:172,669
DA:175,23
DA:182,23
DA:188,23
DA:192,60
DA:196,59
DA:200,58
DA:201,58
DA:202,229
DA:203,1
DA:207,57
DA:208,57
LF:29
LH:29
BRDA:52,1,0,83
BRDA:52,1,1,0
BRDA:192,2,0,59
BRDA:192,2,1,1
BRDA:196,3,0,58
BRDA:196,3,1,1
BRDA:202,4,0,1
BRDA:202,4,1,228
BRF:8
BRH:7
end_of_record
TN:
SF:/Users/veronicac/Desktop/projects/freelance/lottery-contract/contracts/LotteryUpgradeProxy.sol
FN:7,constructor
FNF:1
FNH:0
FNDA:0,constructor
LF:0
LH:0
BRF:0
BRH:0
end_of_record
TN:
SF:/Users/veronicac/Desktop/projects/freelance/lottery-contract/contracts/RandomNumberGenerator.sol
FN:17,onlyLottery
FN:35,constructor
FN:50,getRandomNumber
FN:66,fulfillRandomness
FNF:4
FNH:4
FNDA:13,onlyLottery
FNDA:129,constructor
FNDA:13,getRandomNumber
FNDA:12,fulfillRandomness
DA:18,13
DA:22,13
DA:37,129
DA:38,129
DA:39,129
DA:53,13
DA:54,13
DA:58,13
DA:59,13
DA:60,13
DA:67,12
DA:72,12
LF:12
LH:12
BRDA:18,1,0,13
BRDA:18,1,1,0
BRDA:53,2,0,13
BRDA:53,2,1,0
BRDA:54,3,0,13
BRDA:54,3,1,0
BRF:6
BRH:3
end_of_record
TN:
SF:/Users/veronicac/Desktop/projects/freelance/lottery-contract/contracts/Testable.sol
FN:19,constructor
FN:26,onlyIfTest
FN:36,setCurrentTime
FN:45,getCurrentTime
FNF:4
FNH:4
FNDA:258,constructor
FNDA:26,onlyIfTest
FNDA:26,setCurrentTime
FNDA:138,getCurrentTime
DA:20,258
DA:27,26
DA:28,26
DA:37,26
DA:46,138
DA:47,138
DA:49,0
LF:7
LH:6
BRDA:27,1,0,26
BRDA:27,1,1,0
BRDA:46,2,0,138
BRDA:46,2,1,0
BRF:4
BRH:2
end_of_record
TN:
SF:/Users/veronicac/Desktop/projects/freelance/lottery-contract/contracts/Timer.sol
FN:10,constructor
FN:19,setCurrentTime
FN:28,getCurrentTime
FNF:3
FNH:3
FNDA:129,constructor
FNDA:26,setCurrentTime
FNDA:138,getCurrentTime
DA:11,129
DA:20,26
DA:29,138
LF:3
LH:3
BRF:0
BRH:0
end_of_record
